Сборка начата 15.01.2025 3:42:53.
Уровень детализации журнала: Normal.     1>Проект "C:\Users\Nikita\Desktop\proekt\HangMan_Game\hangman_game\hangman_game\hangman_game.vcxproj" в узле 2 (целевые объекты Build).
     1>PrepareForBuild:
         Структурированный вывод включен. Форматирование диагностики компилятора будет отражать иерархию ошибок. Подробнее см. https://aka.ms/cpp/structured-output.
       InitializeBuildStatus:
         Обращение к "x64\Debug\hangman_game.tlog\unsuccessfulbuild".
       ClCompile:
         C:\Program Files\Microsoft Visual Studio\2022\Community\VC\Tools\MSVC\14.41.34120\bin\HostX64\x64\CL.exe /c /ZI /JMC /nologo /W3 /WX- /diagnostics:column /sdl /Od /D _DEBUG /D _CONSOLE /D _UNICODE /D UNICODE /Gm- /EHsc /RTC1 /MDd /GS /fp:precise /Zc:wchar_t /Zc:forScope /Zc:inline /permissive- /Fo"x64\Debug\\" /Fd"x64\Debug\vc143.pdb" /external:W3 /Gd /TP /FC /errorReport:prompt main.cpp randomWord.cpp hangmanGame.cpp
         main.cpp
         randomWord.cpp
         hangmanGame.cpp
     1>C:\Users\Nikita\Desktop\proekt\HangMan_Game\hangman_game\hangman_game\hangmanGame.cpp(7,15): warning C4244: аргумент: преобразование "time_t" в "unsigned int", возможна потеря данных
         Создание кода...
     1>C:\Users\Nikita\Desktop\proekt\HangMan_Game\hangman_game\hangman_game\hangmanGame.cpp(93,1): warning C4715: HangmanGame::getWordTheme: значение возвращается не при всех путях выполнения
       Link:
         C:\Program Files\Microsoft Visual Studio\2022\Community\VC\Tools\MSVC\14.41.34120\bin\HostX64\x64\link.exe /ERRORREPORT:PROMPT /OUT:"C:\Users\Nikita\Desktop\proekt\HangMan_Game\hangman_game\x64\Debug\hangman_game.exe" /INCREMENTAL /ILK:"x64\Debug\hangman_game.ilk" /NOLOGO kernel32.lib user32.lib gdi32.lib winspool.lib comdlg32.lib advapi32.lib shell32.lib ole32.lib oleaut32.lib uuid.lib odbc32.lib odbccp32.lib /MANIFEST /MANIFESTUAC:"level='asInvoker' uiAccess='false'" /manifest:embed /DEBUG /PDB:"C:\Users\Nikita\Desktop\proekt\HangMan_Game\hangman_game\x64\Debug\hangman_game.pdb" /SUBSYSTEM:CONSOLE /TLBID:1 /DYNAMICBASE /NXCOMPAT /IMPLIB:"C:\Users\Nikita\Desktop\proekt\HangMan_Game\hangman_game\x64\Debug\hangman_game.lib" /MACHINE:X64 x64\Debug\main.obj
         x64\Debug\randomWord.obj
         x64\Debug\hangmanGame.obj
         hangman_game.vcxproj -> C:\Users\Nikita\Desktop\proekt\HangMan_Game\hangman_game\x64\Debug\hangman_game.exe
       FinalizeBuildStatus:
         Файл "x64\Debug\hangman_game.tlog\unsuccessfulbuild" удаляется.
         Обращение к "x64\Debug\hangman_game.tlog\hangman_game.lastbuildstate".
     1>Сборка проекта "C:\Users\Nikita\Desktop\proekt\HangMan_Game\hangman_game\hangman_game\hangman_game.vcxproj" завершена (целевые объекты Build).

Сборка успешно завершена.

       "C:\Users\Nikita\Desktop\proekt\HangMan_Game\hangman_game\hangman_game\hangman_game.vcxproj" (целевой объект Build ) (1) ->
       (Целевой объект ClCompile) -> 
         C:\Users\Nikita\Desktop\proekt\HangMan_Game\hangman_game\hangman_game\hangmanGame.cpp(7,15): warning C4244: аргумент: преобразование "time_t" в "unsigned int", возможна потеря данных
         C:\Users\Nikita\Desktop\proekt\HangMan_Game\hangman_game\hangman_game\hangmanGame.cpp(93,1): warning C4715: HangmanGame::getWordTheme: значение возвращается не при всех путях выполнения

    Предупреждений: 2
    Ошибок: 0

Прошло времени 00:00:03.03
